<?xml version="1.0" encoding="UTF-8"?>
<testsuite xmlns:xsi="http://www.w3.org/2001/XMLSchema-instance" xsi:noNamespaceSchemaLocation="https://maven.apache.org/surefire/maven-surefire-plugin/xsd/surefire-test-report.xsd" name="ed.FilaVetorTest" time="0.081" tests="12" errors="0" skipped="0" failures="1">
  <properties>
[...]
</properties>
  <testcase name="filaCheia" classname="ed.FilaVetorTest" time="0.005"/>
  <testcase name="filaVazia" classname="ed.FilaVetorTest" time="0"/>
  <testcase name="estaVazia" classname="ed.FilaVetorTest" time="0"/>
  <testcase name="concatenacao" classname="ed.FilaVetorTest" time="0.012">
    <failure message="expected:&lt;10,20,[3]0,40,50&gt; but was:&lt;10,20,[2]0,40,50&gt;" type="org.junit.ComparisonFailure"><![CDATA[org.junit.ComparisonFailure: expected:<10,20,[3]0,40,50> but was:<10,20,[2]0,40,50>
	at ed.FilaVetorTest.concatenacao(FilaVetorTest.java:96)
]]></failure>
  </testcase>
  <testcase name="peek" classname="ed.FilaVetorTest" time="0"/>
  <testcase name="liberar" classname="ed.FilaVetorTest" time="0"/>
  <testcase name="estaVaziaFalse" classname="ed.FilaVetorTest" time="0.001"/>
  <testcase name="encolher2" classname="ed.FilaVetorTest" time="0"/>
  <testcase name="encolher3" classname="ed.FilaVetorTest" time="0.002"/>
  <testcase name="encolher4" classname="ed.FilaVetorTest" time="0"/>
  <testcase name="encolher" classname="ed.FilaVetorTest" time="0"/>
  <testcase name="inserir" classname="ed.FilaVetorTest" time="0"/>
</testsuite>