<?xml version="1.0" encoding="UTF-8"?>
<testsuite xmlns:xsi="http://www.w3.org/2001/XMLSchema-instance" xsi:noNamespaceSchemaLocation="https://maven.apache.org/surefire/maven-surefire-plugin/xsd/surefire-test-report.xsd" name="ed.MapaDispersaoTest" time="0.058" tests="4" errors="0" skipped="0" failures="0">
  <properties>
[...]
</properties>
  <testcase name="insercaoEBuscaComColisao" classname="ed.MapaDispersaoTest" time="0.005"/>
  <testcase name="incluirTodos" classname="ed.MapaDispersaoTest" time="0"/>
  <testcase name="inserirVarios" classname="ed.MapaDispersaoTest" time="0"/>
  <testcase name="inserir" classname="ed.MapaDispersaoTest" time="0.001"/>
</testsuite>