<?xml version="1.0" encoding="UTF-8"?>
<testsuite xmlns:xsi="http://www.w3.org/2001/XMLSchema-instance" xsi:noNamespaceSchemaLocation="https://maven.apache.org/surefire/maven-surefire-plugin/xsd/surefire-test-report.xsd" name="ed.PilhaListaTest" time="0.001" tests="5" errors="0" skipped="0" failures="0">
  <properties>
[...]
</properties>
  <testcase name="estaVazia" classname="ed.PilhaListaTest" time="0"/>
  <testcase name="peek" classname="ed.PilhaListaTest" time="0"/>
  <testcase name="liberar" classname="ed.PilhaListaTest" time="0"/>
  <testcase name="estaVaziaFalse" classname="ed.PilhaListaTest" time="0"/>
  <testcase name="pushEPop" classname="ed.PilhaListaTest" time="0"/>
</testsuite>